{
  "RSpec": {
    "coverage": {
      "/home/shumai/Desktop/job/smartpension/SP Graduate Ruby test/ruby_app/parsera/app/controllers/page_controller.rb": [
        1,
        1,
        0,
        null,
        null
      ],
      "/home/shumai/Desktop/job/smartpension/SP Graduate Ruby test/ruby_app/parsera/app/controllers/application_controller.rb": [
        1,
        null
      ],
      "/home/shumai/Desktop/job/smartpension/SP Graduate Ruby test/ruby_app/parsera/spec/helpers/page_helper_spec.rb": [
        1,
        null,
        null,
        null,
        null,
        null,
        null,
        null,
        null,
        null,
        null,
        null,
        1,
        1,
        null
      ],
      "/home/shumai/Desktop/job/smartpension/SP Graduate Ruby test/ruby_app/parsera/spec/lib/file_parser_spec.rb": [
        1,
        null,
        1,
        3,
        3,
        3,
        3,
        3,
        2,
        null,
        null,
        null,
        null,
        null,
        1,
        1,
        1,
        1,
        null,
        1,
        1,
        null,
        null,
        null,
        null,
        1,
        1,
        1,
        1,
        null,
        1,
        1,
        null,
        null,
        null,
        null
      ],
      "/home/shumai/Desktop/job/smartpension/SP Graduate Ruby test/ruby_app/parsera/lib/file_parser.rb": [
        1,
        1,
        4,
        16,
        4,
        4,
        24,
        24,
        null,
        4,
        null,
        null,
        null,
        null,
        null,
        null,
        null,
        null
      ],
      "/home/shumai/Desktop/job/smartpension/SP Graduate Ruby test/ruby_app/parsera/spec/models/page_spec.rb": [
        1,
        null,
        1,
        2,
        2,
        2,
        null,
        null
      ],
      "/home/shumai/Desktop/job/smartpension/SP Graduate Ruby test/ruby_app/parsera/app/models/page.rb": [
        1,
        null,
        1,
        null
      ],
      "/home/shumai/Desktop/job/smartpension/SP Graduate Ruby test/ruby_app/parsera/app/models/application_record.rb": [
        1,
        1,
        null
      ]
    },
    "timestamp": 1562193928
  }
}
